19-Jan-2020 00:06:26, cmd_logger, INFO [logging_decor.py line:41],	func: tp_wbsrv_resp_get | resp: 01,TI,WA,SC,#
19-Jan-2020 01:22:40, cmd_logger, INFO [logging_decor.py line:38],	func: tp_wbsrv_resp_get | resp: 01,TI,WA,SC,#
19-Jan-2020 11:11:34, cmd_logger, INFO [logging_decor.py line:38],	func: tp_wbsrv_resp_get | resp: 01,TI,WA,SC,#
19-Jan-2020 12:46:30, cmd_logger, INFO [logging_decor.py line:36],	Error occured during serial connection - [Errno 2] could not open port /dev/ttyUSB0: [Errno 2] No such file or directory: '/dev/ttyUSB0'
19-Jan-2020 12:51:14, cmd_logger, INFO [logging_decor.py line:38],	func: tp_wbsrv_upd_put | error: {'code_cmd': ['Missing data for required field.']}
19-Jan-2020 12:52:17, cmd_logger, INFO [logging_decor.py line:38],	func: tp_wbsrv_upd_put | error: {'code_cmd': ['Missing data for required field.']}
19-Jan-2020 12:57:22, cmd_logger, INFO [logging_decor.py line:38],	func: tp_wbsrv_upd_put | error: {'code_cmd': ['Missing data for required field.']}
19-Jan-2020 13:11:03, cmd_logger, INFO [logging_decor.py line:38],	ts: 2020-Jan-19 13:11:03 | sent: dply_wash | resp: 01,ACK,#
19-Jan-2020 13:11:03, cmd_logger, INFO [logging_decor.py line:38],	func: tp_wbsrv_upd_put | ts: 2020-Jan-19 13:11:03 | sent: dply_wash | resp: 01,ACK,#
19-Jan-2020 13:57:10, cmd_logger, ERROR [logging_decor.py line:33],	Invalid response string - test1
19-Jan-2020 13:57:10, cmd_logger, INFO [logging_decor.py line:38],	func: tp_wbsrv_upd_put | error: {'code_cmd': ["Invalid code command string - 'test'"], 'resp': ['Invalid response string - test1']}
19-Jan-2020 13:58:59, cmd_logger, INFO [logging_decor.py line:38],	ts: 2020-Jan-19 13:58:59 | sent: dply_wash | resp: 01,ACK,#
19-Jan-2020 13:58:59, cmd_logger, INFO [logging_decor.py line:38],	func: tp_wbsrv_upd_put | ts: 2020-Jan-19 13:58:59 | sent: dply_wash | resp: 01,ACK,#
19-Jan-2020 14:16:22, cmd_logger, INFO [logging_decor.py line:38],	ts: 2020-Jan-19 14:16:22 | cmd: dply_wash | code_cmd: 01,TI,WA,WS,# | resp: 01,ACK,#
19-Jan-2020 14:16:22, cmd_logger, INFO [logging_decor.py line:38],	func: tp_wbsrv_upd_put | ts: 2020-Jan-19 14:16:22 | sent: dply_wash | resp: 01,ACK,#
19-Jan-2020 14:39:45, cmd_logger, INFO [logging_decor.py line:38],	ts: 2020-Jan-19 14:39:45 | cmd: dply_wash | code_cmd: 01,ACK,@,# | resp: 01,ACK,@,#
19-Jan-2020 14:39:45, cmd_logger, INFO [logging_decor.py line:38],	func: tp_wbsrv_upd_put | ts: 2020-Jan-19 14:39:45 | sent: dply_wash | resp: 01,ACK,@,#
19-Jan-2020 14:44:59, cmd_logger, INFO [logging_decor.py line:38],	ts: 2020-Jan-19 14:44:59 | cmd: dply_wash | code_cmd: 01,TI,WA,WS,# | resp: 01,ACK,#
19-Jan-2020 14:44:59, cmd_logger, INFO [logging_decor.py line:38],	func: tp_wbsrv_upd_put | ts: 2020-Jan-19 14:44:59 | sent: dply_wash | resp: 01,ACK,#
19-Jan-2020 14:46:25, cmd_logger, INFO [logging_decor.py line:38],	ts: 2020-Jan-19 14:46:25 | cmd: dply_wash | code_cmd: 01,TI,WA,WS,# | resp: 01,ACK,#
19-Jan-2020 14:46:25, cmd_logger, INFO [logging_decor.py line:38],	func: tp_wbsrv_upd_put | ts: 2020-Jan-19 14:46:25 | sent: dply_wash | resp: 01,ACK,#
19-Jan-2020 14:47:13, cmd_logger, INFO [logging_decor.py line:38],	ts: 2020-Jan-19 14:47:13 | cmd: dply_wash | code_cmd: 01,TI,WA,WS,# | resp: 01,ACK,#
19-Jan-2020 14:47:13, cmd_logger, INFO [logging_decor.py line:38],	func: tp_wbsrv_upd_put | ts: 2020-Jan-19 14:47:13 | sent: dply_wash | resp: 01,ACK,#
19-Jan-2020 14:49:30, cmd_logger, INFO [logging_decor.py line:38],	ts: 2020-Jan-19 14:49:30 | cmd: dply_wash | code_cmd: 01,TI,WA,WS,# | resp: 01,ACK,#
19-Jan-2020 14:49:30, cmd_logger, INFO [logging_decor.py line:38],	func: tp_wbsrv_upd_put | ts: 2020-Jan-19 14:49:30 | sent: dply_wash | resp: 01,ACK,#
19-Jan-2020 14:51:28, cmd_logger, INFO [logging_decor.py line:38],	ts: 2020-Jan-19 14:51:28 | cmd: dply_wash | code_cmd: 01,TI,WA,WS,# | resp: 01,ACK,#
19-Jan-2020 14:51:28, cmd_logger, INFO [logging_decor.py line:38],	func: tp_wbsrv_upd_put | ts: 2020-Jan-19 14:51:28 | sent: dply_wash | resp: 01,ACK,#
19-Jan-2020 14:51:44, cmd_logger, INFO [logging_decor.py line:38],	ts: 2020-Jan-19 14:51:44 | cmd: dply_wash | code_cmd: 01,TI,WA,WS,# | resp: 01,ACK,#
19-Jan-2020 14:51:44, cmd_logger, INFO [logging_decor.py line:38],	func: tp_wbsrv_upd_put | ts: 2020-Jan-19 14:51:44 | sent: dply_wash | resp: 01,ACK,#
19-Jan-2020 14:56:18, cmd_logger, INFO [logging_decor.py line:38],	ts: 2020-Jan-19 14:56:18 | cmd: dply_wash | code_cmd: 01,TI,WA,WS,# | resp: 01,ACK,#
19-Jan-2020 14:56:18, cmd_logger, INFO [logging_decor.py line:38],	func: tp_wbsrv_upd_put | ts: 2020-Jan-19 14:56:18 | sent: dply_wash | resp: 01,ACK,#
19-Jan-2020 14:56:31, cmd_logger, INFO [logging_decor.py line:38],	ts: 2020-Jan-19 14:56:31 | cmd: dply_wash | code_cmd: 01,TI,WA,WS,# | resp: 01,ACK,#
19-Jan-2020 14:56:31, cmd_logger, INFO [logging_decor.py line:38],	func: tp_wbsrv_upd_put | ts: 2020-Jan-19 14:56:31 | sent: dply_wash | resp: 01,ACK,#
19-Jan-2020 15:08:47, cmd_logger, INFO [logging_decor.py line:38],	func: tp_wbsrv_resp_get | resp: 01,ACK,#
